05/02/2017 18:03:54 Guardião Itaú Unibanco, versão 1.14.0. Descrição do processo de instalação do Guardião. As informações contidas nesse documento poderão ser solicitadas pela central de atendimento caso ocorra um erro no processo de instalação. A exclusão desse documento não acarreta nenhum problema de performance na sua máquina.
05/02/2017 18:03:54 1.14.0.0
05/02/2017 18:03:54 Usuário: LucasBorges(Administrador)
05/02/2017 18:03:54 Versão do Sistema Operacional: 6.1.7601
05/02/2017 18:03:54 64 Bits: true
05/02/2017 18:03:56  52.0.2 (x86 pt-BR) ( 52.0 )
05/02/2017 18:03:56 UAC: Desativado
05/02/2017 18:03:56 Verificando se Firefox está instalado...
05/02/2017 18:03:56 Firefox instalado, ajustando configurações necessárias...
05/02/2017 18:03:56 [Ativação do TLS no Windows] Verificando...
05/02/2017 18:03:56 [Ativação do TLS no Windows] 
05/02/2017 18:04:01 [Ativação do TLS no Windows] Ok.
05/02/2017 18:04:01 [Funcionamento do Guardião] Verificando...
05/02/2017 18:04:01 [Funcionamento do Guardião] Ok.
05/02/2017 18:04:01 [Configurações gerais] Verificando...
05/02/2017 18:04:01 [Configurações gerais] Ok.
05/02/2017 18:04:01 [Configurações gerais] Verificando...
05/02/2017 18:04:01 [Configurações gerais] Ok.
05/02/2017 18:04:01 [Configurações gerais] Verificando...
05/02/2017 18:04:01 [Configurações gerais] Ok.
05/02/2017 18:04:01 [Verificando permissões] Verificando...
05/02/2017 18:04:01 [Verificando permissões] Ok.
05/02/2017 18:04:01 [Configurações gerais] Verificando...
05/02/2017 18:04:02 [Configurações gerais] Limpando...
05/02/2017 18:04:02 [Configurações gerais] Ok.
05/02/2017 18:04:02 [Instalação do Guardião para Internet Explorer] Verificando...
05/02/2017 18:04:02 [Instalação do Guardião para Internet Explorer] Ok.
05/02/2017 18:04:02 [Configurações gerais] Verificando...
05/02/2017 18:04:02 [Configurações gerais] Ok.
05/02/2017 18:04:02 [Configurações gerais] Verificando url(s) dos domínios confiáveis...
05/02/2017 18:04:02 [Configurações gerais] Ok.
05/02/2017 18:04:02 [Ativação do Guardião para Internet Explorer] Verificando...
05/02/2017 18:04:02 [Ativação do Guardião para Internet Explorer] Ok.
05/02/2017 18:04:02 [Instalando complementos do Guardião.] Verificando...
05/02/2017 18:04:02 [Instalando complementos do Guardião.] Ok.
05/02/2017 18:04:02 [Instalação do Guardião para os demais navegadores] Verificando...
05/02/2017 18:04:03 [Instalação do Guardião para os demais navegadores] Efetuando download ...
05/02/2017 18:04:05 [Instalação do Guardião para os demais navegadores] Instalando...
05/02/2017 18:05:01 [Instalação do Guardião para os demais navegadores] Ok.
05/02/2017 18:05:01 [Verificando arquivo do Guardião] Verificando...
05/02/2017 18:05:01 [Verificando arquivo do Guardião] Ok.
05/02/2017 18:05:01 [Instalando cliente do Warsaw] Verificando...
05/02/2017 18:05:13 [Instalando cliente do Warsaw] Ok.
05/02/2017 18:05:13 [Instalando certificado do Guardião] Verificando...
05/02/2017 18:05:13 [Instalando certificado do Guardião] Instalando...
05/02/2017 18:05:16 [Instalando certificado do Guardião] Ok.
05/02/2017 18:05:16 [Escaneamento] Escaneando computador em busca de processos suspeitos...
05/02/2017 18:05:36 [Escaneamento] Ok.
05/02/2017 18:05:36 CONCLUÍDO.
